[debug] [2025-10-05T12:45:09.951Z] ----------------------------------------------------------------------
[debug] [2025-10-05T12:45:09.953Z] Command:       /home/leo/.nvm/versions/node/v22.16.0/bin/node /home/leo/.nvm/versions/node/v22.16.0/bin/firebase deploy --only functions
[debug] [2025-10-05T12:45:09.953Z] CLI Version:   14.18.0
[debug] [2025-10-05T12:45:09.953Z] Platform:      linux
[debug] [2025-10-05T12:45:09.953Z] Node Version:  v22.16.0
[debug] [2025-10-05T12:45:09.954Z] Time:          Sun Oct 05 2025 14:45:09 GMT+0200 (Central European Summer Time)
[debug] [2025-10-05T12:45:09.954Z] ----------------------------------------------------------------------
[debug] 
[debug] [2025-10-05T12:45:10.076Z] > command requires scopes: ["email","openid","https://www.googleapis.com/auth/cloudplatformprojects.readonly","https://www.googleapis.com/auth/firebase","https://www.googleapis.com/auth/cloud-platform"]
[debug] [2025-10-05T12:45:10.077Z] > authorizing via signed-in user (leozul0204@gmail.com)
[debug] [2025-10-05T12:45:10.077Z] [iam] checking project tapit-dev-e0eed for permissions ["cloudfunctions.functions.create","cloudfunctions.functions.delete","cloudfunctions.functions.get","cloudfunctions.functions.list","cloudfunctions.functions.update","cloudfunctions.operations.get","firebase.projects.get"]
[debug] [2025-10-05T12:45:10.078Z] Checked if tokens are valid: true, expires at: 1759671602145
[debug] [2025-10-05T12:45:10.078Z] Checked if tokens are valid: true, expires at: 1759671602145
[debug] [2025-10-05T12:45:10.078Z] >>> [apiv2][query] POST https://cloudresourcemanager.googleapis.com/v1/projects/tapit-dev-e0eed:testIamPermissions [none]
[debug] [2025-10-05T12:45:10.078Z] >>> [apiv2][(partial)header] POST https://cloudresourcemanager.googleapis.com/v1/projects/tapit-dev-e0eed:testIamPermissions x-goog-quota-user=projects/tapit-dev-e0eed
[debug] [2025-10-05T12:45:10.078Z] >>> [apiv2][body] POST https://cloudresourcemanager.googleapis.com/v1/projects/tapit-dev-e0eed:testIamPermissions {"permissions":["cloudfunctions.functions.create","cloudfunctions.functions.delete","cloudfunctions.functions.get","cloudfunctions.functions.list","cloudfunctions.functions.update","cloudfunctions.operations.get","firebase.projects.get"]}
[debug] [2025-10-05T12:45:10.758Z] <<< [apiv2][status] POST https://cloudresourcemanager.googleapis.com/v1/projects/tapit-dev-e0eed:testIamPermissions 200
[debug] [2025-10-05T12:45:10.758Z] <<< [apiv2][body] POST https://cloudresourcemanager.googleapis.com/v1/projects/tapit-dev-e0eed:testIamPermissions {"permissions":["cloudfunctions.functions.create","cloudfunctions.functions.delete","cloudfunctions.functions.get","cloudfunctions.functions.list","cloudfunctions.functions.update","cloudfunctions.operations.get","firebase.projects.get"]}
[debug] [2025-10-05T12:45:10.759Z] Checked if tokens are valid: true, expires at: 1759671602145
[debug] [2025-10-05T12:45:10.759Z] Checked if tokens are valid: true, expires at: 1759671602145
[debug] [2025-10-05T12:45:10.759Z] >>> [apiv2][query] POST https://iam.googleapis.com/v1/projects/tapit-dev-e0eed/serviceAccounts/tapit-dev-e0eed@appspot.gserviceaccount.com:testIamPermissions [none]
[debug] [2025-10-05T12:45:10.759Z] >>> [apiv2][body] POST https://iam.googleapis.com/v1/projects/tapit-dev-e0eed/serviceAccounts/tapit-dev-e0eed@appspot.gserviceaccount.com:testIamPermissions {"permissions":["iam.serviceAccounts.actAs"]}
[debug] [2025-10-05T12:45:11.390Z] <<< [apiv2][status] POST https://iam.googleapis.com/v1/projects/tapit-dev-e0eed/serviceAccounts/tapit-dev-e0eed@appspot.gserviceaccount.com:testIamPermissions 200
[debug] [2025-10-05T12:45:11.390Z] <<< [apiv2][body] POST https://iam.googleapis.com/v1/projects/tapit-dev-e0eed/serviceAccounts/tapit-dev-e0eed@appspot.gserviceaccount.com:testIamPermissions {"permissions":["iam.serviceAccounts.actAs"]}
[info] 
[info] === Deploying to 'tapit-dev-e0eed'...
[info] 
[info] i  deploying functions 
[info] Running command: npm --prefix "$RESOURCE_DIR" run lint
[info] ✔  functions: Finished running predeploy script. 
[debug] [2025-10-05T12:45:11.761Z] Checked if tokens are valid: true, expires at: 1759671602145
[debug] [2025-10-05T12:45:11.761Z] Checked if tokens are valid: true, expires at: 1759671602145
[debug] [2025-10-05T12:45:11.761Z] >>> [apiv2][query] GET https://cloudresourcemanager.googleapis.com/v1/projects/tapit-dev-e0eed [none]
[debug] [2025-10-05T12:45:12.019Z] <<< [apiv2][status] GET https://cloudresourcemanager.googleapis.com/v1/projects/tapit-dev-e0eed 200
[debug] [2025-10-05T12:45:12.019Z] <<< [apiv2][body] GET https://cloudresourcemanager.googleapis.com/v1/projects/tapit-dev-e0eed {"projectNumber":"302986531710","projectId":"tapit-dev-e0eed","lifecycleState":"ACTIVE","name":"Tapit dev","labels":{"firebase":"enabled","firebase-core":"disabled","generative-language":"enabled"},"createTime":"2025-07-07T09:01:35.184987Z"}
[info] i  functions: preparing codebase default for deployment 
[info] i  functions: ensuring required API cloudfunctions.googleapis.com is enabled... 
[info] i  functions: ensuring required API cloudbuild.googleapis.com is enabled... 
[info] i  artifactregistry: ensuring required API artifactregistry.googleapis.com is enabled... 
[debug] [2025-10-05T12:45:12.022Z] Checked if tokens are valid: true, expires at: 1759671602145
[debug] [2025-10-05T12:45:12.022Z] Checked if tokens are valid: true, expires at: 1759671602145
[debug] [2025-10-05T12:45:12.022Z] >>> [apiv2][query] GET https://firebase.googleapis.com/v1beta1/projects/tapit-dev-e0eed/adminSdkConfig [none]
[debug] [2025-10-05T12:45:12.733Z] <<< [apiv2][status] GET https://firebase.googleapis.com/v1beta1/projects/tapit-dev-e0eed/adminSdkConfig 200
[debug] [2025-10-05T12:45:12.733Z] <<< [apiv2][body] GET https://firebase.googleapis.com/v1beta1/projects/tapit-dev-e0eed/adminSdkConfig {"projectId":"tapit-dev-e0eed","storageBucket":"tapit-dev-e0eed.firebasestorage.app"}
[debug] [2025-10-05T12:45:12.734Z] Checked if tokens are valid: true, expires at: 1759671602145
[debug] [2025-10-05T12:45:12.735Z] Checked if tokens are valid: true, expires at: 1759671602145
[debug] [2025-10-05T12:45:12.735Z] >>> [apiv2][query] GET https://runtimeconfig.googleapis.com/v1beta1/projects/tapit-dev-e0eed/configs [none]
[debug] [2025-10-05T12:45:13.510Z] <<< [apiv2][status] GET https://runtimeconfig.googleapis.com/v1beta1/projects/tapit-dev-e0eed/configs 200
[debug] [2025-10-05T12:45:13.510Z] <<< [apiv2][body] GET https://runtimeconfig.googleapis.com/v1beta1/projects/tapit-dev-e0eed/configs {"configs":[{"name":"projects/tapit-dev-e0eed/configs/app"}]}
[debug] [2025-10-05T12:45:13.510Z] Checked if tokens are valid: true, expires at: 1759671602145
[debug] [2025-10-05T12:45:13.511Z] Checked if tokens are valid: true, expires at: 1759671602145
[debug] [2025-10-05T12:45:13.511Z] >>> [apiv2][query] GET https://runtimeconfig.googleapis.com/v1beta1/projects/tapit-dev-e0eed/configs/app/variables [none]
[debug] [2025-10-05T12:45:13.758Z] <<< [apiv2][status] GET https://runtimeconfig.googleapis.com/v1beta1/projects/tapit-dev-e0eed/configs/app/variables 200
[debug] [2025-10-05T12:45:13.758Z] <<< [apiv2][body] GET https://runtimeconfig.googleapis.com/v1beta1/projects/tapit-dev-e0eed/configs/app/variables {"variables":[{"name":"projects/tapit-dev-e0eed/configs/app/variables/base_url","updateTime":"2025-10-05T12:40:11.402058810Z"},{"name":"projects/tapit-dev-e0eed/configs/app/variables/webhook_secret","updateTime":"2025-10-05T12:40:04.331611821Z"}]}
[debug] [2025-10-05T12:45:13.759Z] Checked if tokens are valid: true, expires at: 1759671602145
[debug] [2025-10-05T12:45:13.759Z] Checked if tokens are valid: true, expires at: 1759671602145
[debug] [2025-10-05T12:45:13.759Z] Checked if tokens are valid: true, expires at: 1759671602145
[debug] [2025-10-05T12:45:13.759Z] Checked if tokens are valid: true, expires at: 1759671602145
[debug] [2025-10-05T12:45:13.759Z] >>> [apiv2][query] GET https://runtimeconfig.googleapis.com/v1beta1/projects/tapit-dev-e0eed/configs/app/variables/base_url [none]
[debug] [2025-10-05T12:45:13.760Z] >>> [apiv2][query] GET https://runtimeconfig.googleapis.com/v1beta1/projects/tapit-dev-e0eed/configs/app/variables/webhook_secret [none]
[debug] [2025-10-05T12:45:14.038Z] <<< [apiv2][status] GET https://runtimeconfig.googleapis.com/v1beta1/projects/tapit-dev-e0eed/configs/app/variables/base_url 200
[debug] [2025-10-05T12:45:14.039Z] <<< [apiv2][body] GET https://runtimeconfig.googleapis.com/v1beta1/projects/tapit-dev-e0eed/configs/app/variables/base_url {"name":"projects/tapit-dev-e0eed/configs/app/variables/base_url","updateTime":"2025-10-05T12:40:11.402058810Z","text":"https://tapit-fr-dev.vercel.app"}
[debug] [2025-10-05T12:45:14.507Z] <<< [apiv2][status] GET https://runtimeconfig.googleapis.com/v1beta1/projects/tapit-dev-e0eed/configs/app/variables/webhook_secret 200
[debug] [2025-10-05T12:45:14.508Z] <<< [apiv2][body] GET https://runtimeconfig.googleapis.com/v1beta1/projects/tapit-dev-e0eed/configs/app/variables/webhook_secret {"name":"projects/tapit-dev-e0eed/configs/app/variables/webhook_secret","updateTime":"2025-10-05T12:40:04.331611821Z","text":"AIAIzaSyD8JAo4QQTrAIzaSyD8JAo4QQTrdqxgYYlcK7dWn0SRI_qbdqxgYYAIzaSyD8JAo4QQTrdqxgYYlcK7dWn0SRI_qblcK7dWn0SRI_qbzaSyD8JAo4QQTrdqxgYYlcK7dWn0SRI_qb"}
[debug] [2025-10-05T12:45:14.511Z] Validating nodejs source
[debug] [2025-10-05T12:45:14.851Z] > [functions] package.json contents: {
  "name": "functions",
  "description": "Cloud Functions for Firebase",
  "scripts": {
    "lint": "eslint .",
    "serve": "firebase emulators:start --only functions",
    "shell": "firebase functions:shell",
    "start": "npm run shell",
    "deploy": "firebase deploy --only functions",
    "logs": "firebase functions:log"
  },
  "engines": {
    "node": "22"
  },
  "main": "index.js",
  "dependencies": {
    "firebase-admin": "^12.6.0",
    "firebase-functions": "^6.0.1",
    "node-fetch": "^2.7.0"
  },
  "devDependencies": {
    "eslint": "^8.15.0",
    "eslint-config-google": "^0.14.0",
    "firebase-functions-test": "^3.1.0"
  },
  "private": true
}
[debug] [2025-10-05T12:45:14.851Z] Building nodejs source
[info] i  functions: Loading and analyzing source code for codebase default to determine what to deploy 
[debug] [2025-10-05T12:45:14.852Z] Could not find functions.yaml. Must use http discovery
[debug] [2025-10-05T12:45:14.858Z] Found firebase-functions binary at '/home/leo/Downloads/temp2-4f530aca3fdfc88aeb7cde7fea9f349cb90ea930/functions/node_modules/.bin/firebase-functions'
[info] Serving at port 8756

[debug] [2025-10-05T12:45:14.984Z] Got response from /__/functions.yaml {"endpoints":{"onUserSubscriptionChange":{"availableMemoryMb":null,"timeoutSeconds":null,"minInstances":null,"maxInstances":null,"ingressSettings":null,"concurrency":null,"serviceAccountEmail":null,"vpc":null,"platform":"gcfv2","labels":{},"eventTrigger":{"eventType":"google.cloud.firestore.document.v1.updated","eventFilters":{"database":"(default)","namespace":"(default)"},"eventFilterPathPatterns":{"document":"users/{userId}"},"retry":false},"entryPoint":"onUserSubscriptionChange"}},"specVersion":"v1alpha1","requiredAPIs":[],"extensions":{},"params":[{"name":"APP_WEBHOOK_SECRET","type":"string"},{"name":"APP_BASE_URL","type":"string"}]}
[info] i  extensions: ensuring required API firebaseextensions.googleapis.com is enabled... 
[debug] [2025-10-05T12:45:19.006Z] > command requires scopes: ["email","openid","https://www.googleapis.com/auth/cloudplatformprojects.readonly","https://www.googleapis.com/auth/firebase","https://www.googleapis.com/auth/cloud-platform"]
[debug] [2025-10-05T12:45:19.006Z] > authorizing via signed-in user (leozul0204@gmail.com)
[debug] [2025-10-05T12:45:19.006Z] [iam] checking project tapit-dev-e0eed for permissions ["firebase.projects.get","firebaseextensions.instances.list"]
[debug] [2025-10-05T12:45:19.006Z] Checked if tokens are valid: true, expires at: 1759671602145
[debug] [2025-10-05T12:45:19.006Z] Checked if tokens are valid: true, expires at: 1759671602145
[debug] [2025-10-05T12:45:19.007Z] >>> [apiv2][query] POST https://cloudresourcemanager.googleapis.com/v1/projects/tapit-dev-e0eed:testIamPermissions [none]
[debug] [2025-10-05T12:45:19.007Z] >>> [apiv2][(partial)header] POST https://cloudresourcemanager.googleapis.com/v1/projects/tapit-dev-e0eed:testIamPermissions x-goog-quota-user=projects/tapit-dev-e0eed
[debug] [2025-10-05T12:45:19.007Z] >>> [apiv2][body] POST https://cloudresourcemanager.googleapis.com/v1/projects/tapit-dev-e0eed:testIamPermissions {"permissions":["firebase.projects.get","firebaseextensions.instances.list"]}
[debug] [2025-10-05T12:45:19.800Z] <<< [apiv2][status] POST https://cloudresourcemanager.googleapis.com/v1/projects/tapit-dev-e0eed:testIamPermissions 200
[debug] [2025-10-05T12:45:19.800Z] <<< [apiv2][body] POST https://cloudresourcemanager.googleapis.com/v1/projects/tapit-dev-e0eed:testIamPermissions {"permissions":["firebase.projects.get","firebaseextensions.instances.list"]}
[debug] [2025-10-05T12:45:19.801Z] Checked if tokens are valid: true, expires at: 1759671602145
[debug] [2025-10-05T12:45:19.801Z] Checked if tokens are valid: true, expires at: 1759671602145
[debug] [2025-10-05T12:45:19.801Z] >>> [apiv2][query] GET https://firebaseextensions.googleapis.com/v1beta/projects/tapit-dev-e0eed/instances pageSize=100&pageToken=
[debug] [2025-10-05T12:45:20.617Z] <<< [apiv2][status] GET https://firebaseextensions.googleapis.com/v1beta/projects/tapit-dev-e0eed/instances 200
[debug] [2025-10-05T12:45:20.618Z] <<< [apiv2][body] GET https://firebaseextensions.googleapis.com/v1beta/projects/tapit-dev-e0eed/instances {}
[info] i  functions: Loaded environment variables from .env.tapit-dev-e0eed. 
[info] i  functions: preparing functions directory for uploading... 
[info] i  functions: packaged /home/leo/Downloads/temp2-4f530aca3fdfc88aeb7cde7fea9f349cb90ea930/functions (78.84 KB) for uploading 
[debug] [2025-10-05T12:45:20.658Z] Checked if tokens are valid: true, expires at: 1759671602145
[debug] [2025-10-05T12:45:20.658Z] Checked if tokens are valid: true, expires at: 1759671602145
[debug] [2025-10-05T12:45:20.658Z] >>> [apiv2][query] GET https://cloudfunctions.googleapis.com/v1/projects/tapit-dev-e0eed/locations/-/functions [none]
[debug] [2025-10-05T12:45:21.248Z] <<< [apiv2][status] GET https://cloudfunctions.googleapis.com/v1/projects/tapit-dev-e0eed/locations/-/functions 200
[debug] [2025-10-05T12:45:21.248Z] <<< [apiv2][body] GET https://cloudfunctions.googleapis.com/v1/projects/tapit-dev-e0eed/locations/-/functions {}
[debug] [2025-10-05T12:45:21.249Z] Checked if tokens are valid: true, expires at: 1759671602145
[debug] [2025-10-05T12:45:21.249Z] Checked if tokens are valid: true, expires at: 1759671602145
[debug] [2025-10-05T12:45:21.249Z] >>> [apiv2][query] GET https://cloudfunctions.googleapis.com/v2/projects/tapit-dev-e0eed/locations/-/functions filter=environment%3D%22GEN_2%22
[debug] [2025-10-05T12:45:22.254Z] <<< [apiv2][status] GET https://cloudfunctions.googleapis.com/v2/projects/tapit-dev-e0eed/locations/-/functions 200
[debug] [2025-10-05T12:45:22.254Z] <<< [apiv2][body] GET https://cloudfunctions.googleapis.com/v2/projects/tapit-dev-e0eed/locations/-/functions {"functions":[{"name":"projects/tapit-dev-e0eed/locations/us-central1/functions/onUserSubscriptionChange","buildConfig":{"build":"projects/302986531710/locations/us-central1/builds/991a7ecc-5f34-4dba-90a4-5127192808e9","runtime":"nodejs22","entryPoint":"onUserSubscriptionChange","source":{"storageSource":{"bucket":"gcf-v2-sources-302986531710-us-central1","object":"onUserSubscriptionChange/function-source.zip","generation":"1759666147150027"}},"environmentVariables":{"GOOGLE_NODE_RUN_SCRIPTS":""},"dockerRepository":"projects/tapit-dev-e0eed/locations/us-central1/repositories/gcf-artifacts","sourceProvenance":{"resolvedStorageSource":{"bucket":"gcf-v2-sources-302986531710-us-central1","object":"onUserSubscriptionChange/function-source.zip","generation":"1759666147150027"}},"dockerRegistry":"ARTIFACT_REGISTRY","serviceAccount":"projects/tapit-dev-e0eed/serviceAccounts/302986531710-compute@developer.gserviceaccount.com","automaticUpdatePolicy":{}},"serviceConfig":{"service":"projects/tapit-dev-e0eed/locations/us-central1/services/onusersubscriptionchange","timeoutSeconds":60,"environmentVariables":{"FIREBASE_CONFIG":"{\"projectId\":\"tapit-dev-e0eed\",\"storageBucket\":\"tapit-dev-e0eed.firebasestorage.app\"}","GCLOUD_PROJECT":"tapit-dev-e0eed","EVENTARC_CLOUD_EVENT_SOURCE":"projects/tapit-dev-e0eed/locations/us-central1/services/onUserSubscriptionChange","FUNCTION_SIGNATURE_TYPE":"cloudevent","FUNCTION_TARGET":"onUserSubscriptionChange","LOG_EXECUTION_ID":"true"},"maxInstanceCount":20,"ingressSettings":"ALLOW_ALL","uri":"https://onusersubscriptionchange-g6rm6pnita-uc.a.run.app","serviceAccountEmail":"302986531710-compute@developer.gserviceaccount.com","availableMemory":"256Mi","allTrafficOnLatestRevision":true,"revision":"onusersubscriptionchange-00001-mox","maxInstanceRequestConcurrency":80,"availableCpu":"1"},"eventTrigger":{"trigger":"projects/tapit-dev-e0eed/locations/nam5/triggers/onusersubscriptionchange-160692","triggerRegion":"nam5","eventType":"google.cloud.firestore.document.v1.updated","eventFilters":[{"attribute":"database","value":"(default)"},{"attribute":"namespace","value":"(default)"},{"attribute":"document","value":"users/{userId}","operator":"match-path-pattern"}],"pubsubTopic":"projects/tapit-dev-e0eed/topics/eventarc-nam5-onusersubscriptionchange-160692-939","serviceAccountEmail":"302986531710-compute@developer.gserviceaccount.com","retryPolicy":"RETRY_POLICY_DO_NOT_RETRY"},"state":"ACTIVE","updateTime":"2025-10-05T12:10:39.825921502Z","labels":{"deployment-tool":"cli-firebase","firebase-functions-hash":"bec2390c3f1c86bcc319e603f192587a7cf5781f"},"environment":"GEN_2","url":"https://us-central1-tapit-dev-e0eed.cloudfunctions.net/onUserSubscriptionChange","createTime":"2025-10-05T12:09:07.879497217Z","satisfiesPzi":true}]}
[debug] [2025-10-05T12:45:22.257Z] Checked if tokens are valid: true, expires at: 1759671602145
[debug] [2025-10-05T12:45:22.257Z] Checked if tokens are valid: true, expires at: 1759671602145
[debug] [2025-10-05T12:45:22.257Z] >>> [apiv2][query] GET https://firestore.googleapis.com/v1/projects/tapit-dev-e0eed/databases/(default) [none]
[debug] [2025-10-05T12:45:22.983Z] <<< [apiv2][status] GET https://firestore.googleapis.com/v1/projects/tapit-dev-e0eed/databases/(default) 200
[debug] [2025-10-05T12:45:22.983Z] <<< [apiv2][body] GET https://firestore.googleapis.com/v1/projects/tapit-dev-e0eed/databases/(default) {"name":"projects/tapit-dev-e0eed/databases/(default)","uid":"a45f7a0a-53a9-4a28-a9aa-cc37c3900612","createTime":"2025-07-07T09:02:51.063654Z","updateTime":"2025-07-07T09:02:51.063654Z","locationId":"nam5","type":"FIRESTORE_NATIVE","concurrencyMode":"PESSIMISTIC","versionRetentionPeriod":"3600s","earliestVersionTime":"2025-10-05T11:45:22.917377Z","appEngineIntegrationMode":"DISABLED","keyPrefix":"s","pointInTimeRecoveryEnablement":"POINT_IN_TIME_RECOVERY_DISABLED","deleteProtectionState":"DELETE_PROTECTION_DISABLED","databaseEdition":"STANDARD","freeTier":true,"realtimeUpdatesMode":"REALTIME_UPDATES_ENABLED","etag":"IP6zvaqLjZADMOeem4S9qo4D"}
[info] i  functions: ensuring required API run.googleapis.com is enabled... 
[info] i  functions: ensuring required API eventarc.googleapis.com is enabled... 
[info] i  functions: ensuring required API pubsub.googleapis.com is enabled... 
[info] i  functions: ensuring required API storage.googleapis.com is enabled... 
[info] i  functions: generating the service identity for pubsub.googleapis.com... 
[debug] [2025-10-05T12:45:22.986Z] Checked if tokens are valid: true, expires at: 1759671602145
[debug] [2025-10-05T12:45:22.986Z] Checked if tokens are valid: true, expires at: 1759671602145
[info] i  functions: generating the service identity for eventarc.googleapis.com... 
[debug] [2025-10-05T12:45:22.987Z] Checked if tokens are valid: true, expires at: 1759671602145
[debug] [2025-10-05T12:45:22.987Z] Checked if tokens are valid: true, expires at: 1759671602145
[debug] [2025-10-05T12:45:22.987Z] >>> [apiv2][query] POST https://serviceusage.googleapis.com/v1beta1/projects/302986531710/services/pubsub.googleapis.com:generateServiceIdentity [none]
[debug] [2025-10-05T12:45:22.987Z] >>> [apiv2][(partial)header] POST https://serviceusage.googleapis.com/v1beta1/projects/302986531710/services/pubsub.googleapis.com:generateServiceIdentity x-goog-quota-user=projects/302986531710
[debug] [2025-10-05T12:45:22.987Z] >>> [apiv2][body] POST https://serviceusage.googleapis.com/v1beta1/projects/302986531710/services/pubsub.googleapis.com:generateServiceIdentity {}
[debug] [2025-10-05T12:45:22.988Z] >>> [apiv2][query] POST https://serviceusage.googleapis.com/v1beta1/projects/302986531710/services/eventarc.googleapis.com:generateServiceIdentity [none]
[debug] [2025-10-05T12:45:22.988Z] >>> [apiv2][(partial)header] POST https://serviceusage.googleapis.com/v1beta1/projects/302986531710/services/eventarc.googleapis.com:generateServiceIdentity x-goog-quota-user=projects/302986531710
[debug] [2025-10-05T12:45:22.988Z] >>> [apiv2][body] POST https://serviceusage.googleapis.com/v1beta1/projects/302986531710/services/eventarc.googleapis.com:generateServiceIdentity {}
[debug] [2025-10-05T12:45:23.807Z] <<< [apiv2][status] POST https://serviceusage.googleapis.com/v1beta1/projects/302986531710/services/pubsub.googleapis.com:generateServiceIdentity 200
[debug] [2025-10-05T12:45:23.808Z] <<< [apiv2][body] POST https://serviceusage.googleapis.com/v1beta1/projects/302986531710/services/pubsub.googleapis.com:generateServiceIdentity {"name":"operations/finished.DONE_OPERATION","done":true,"response":{"@type":"type.googleapis.com/google.api.serviceusage.v1beta1.ServiceIdentity","email":"service-302986531710@gcp-sa-pubsub.iam.gserviceaccount.com","uniqueId":"101592247247664238109"}}
[debug] [2025-10-05T12:45:23.814Z] <<< [apiv2][status] POST https://serviceusage.googleapis.com/v1beta1/projects/302986531710/services/eventarc.googleapis.com:generateServiceIdentity 200
[debug] [2025-10-05T12:45:23.814Z] <<< [apiv2][body] POST https://serviceusage.googleapis.com/v1beta1/projects/302986531710/services/eventarc.googleapis.com:generateServiceIdentity {"name":"operations/finished.DONE_OPERATION","done":true,"response":{"@type":"type.googleapis.com/google.api.serviceusage.v1beta1.ServiceIdentity","email":"service-302986531710@gcp-sa-eventarc.iam.gserviceaccount.com","uniqueId":"107931639820174738011"}}
[debug] [2025-10-05T12:45:23.816Z] Checked if tokens are valid: true, expires at: 1759671602145
[debug] [2025-10-05T12:45:23.817Z] Checked if tokens are valid: true, expires at: 1759671602145
[debug] [2025-10-05T12:45:23.817Z] >>> [apiv2][query] GET https://cloudresourcemanager.googleapis.com/v1/projects/tapit-dev-e0eed [none]
[debug] [2025-10-05T12:45:23.998Z] <<< [apiv2][status] GET https://cloudresourcemanager.googleapis.com/v1/projects/tapit-dev-e0eed 200
[debug] [2025-10-05T12:45:23.998Z] <<< [apiv2][body] GET https://cloudresourcemanager.googleapis.com/v1/projects/tapit-dev-e0eed {"projectNumber":"302986531710","projectId":"tapit-dev-e0eed","lifecycleState":"ACTIVE","name":"Tapit dev","labels":{"firebase":"enabled","firebase-core":"disabled","generative-language":"enabled"},"createTime":"2025-07-07T09:01:35.184987Z"}
[debug] [2025-10-05T12:45:23.999Z] Checked if tokens are valid: true, expires at: 1759671602145
[debug] [2025-10-05T12:45:23.999Z] Checked if tokens are valid: true, expires at: 1759671602145
[debug] [2025-10-05T12:45:23.999Z] >>> [apiv2][query] GET https://compute.googleapis.com/compute/v1/projects/302986531710 [none]
[debug] [2025-10-05T12:45:24.212Z] <<< [apiv2][status] GET https://compute.googleapis.com/compute/v1/projects/302986531710 403
[debug] [2025-10-05T12:45:24.213Z] <<< [apiv2][body] GET https://compute.googleapis.com/compute/v1/projects/302986531710 {"error":{"code":403,"message":"Compute Engine API has not been used in project 302986531710 before or it is disabled. Enable it by visiting https://console.developers.google.com/apis/api/compute.googleapis.com/overview?project=302986531710 then retry. If you enabled this API recently, wait a few minutes for the action to propagate to our systems and retry.","errors":[{"message":"Compute Engine API has not been used in project 302986531710 before or it is disabled. Enable it by visiting https://console.developers.google.com/apis/api/compute.googleapis.com/overview?project=302986531710 then retry. If you enabled this API recently, wait a few minutes for the action to propagate to our systems and retry.","domain":"usageLimits","reason":"accessNotConfigured","extendedHelp":"https://console.developers.google.com"}],"status":"PERMISSION_DENIED","details":[{"@type":"type.googleapis.com/google.rpc.ErrorInfo","reason":"SERVICE_DISABLED","domain":"googleapis.com","metadata":{"containerInfo":"302986531710","activationUrl":"https://console.developers.google.com/apis/api/compute.googleapis.com/overview?project=302986531710","consumer":"projects/302986531710","serviceTitle":"Compute Engine API","service":"compute.googleapis.com"}},{"@type":"type.googleapis.com/google.rpc.LocalizedMessage","locale":"en-US","message":"Compute Engine API has not been used in project 302986531710 before or it is disabled. Enable it by visiting https://console.developers.google.com/apis/api/compute.googleapis.com/overview?project=302986531710 then retry. If you enabled this API recently, wait a few minutes for the action to propagate to our systems and retry."},{"@type":"type.googleapis.com/google.rpc.Help","links":[{"description":"Google developers console API activation","url":"https://console.developers.google.com/apis/api/compute.googleapis.com/overview?project=302986531710"}]}]}}
[debug] [2025-10-05T12:45:24.214Z] unable to look up default compute service account. Falling back to 302986531710-compute@developer.gserviceaccount.com. Error: {"name":"FirebaseError","children":[],"context":{"body":{"error":{"code":403,"message":"Compute Engine API has not been used in project 302986531710 before or it is disabled. Enable it by visiting https://console.developers.google.com/apis/api/compute.googleapis.com/overview?project=302986531710 then retry. If you enabled this API recently, wait a few minutes for the action to propagate to our systems and retry.","errors":[{"message":"Compute Engine API has not been used in project 302986531710 before or it is disabled. Enable it by visiting https://console.developers.google.com/apis/api/compute.googleapis.com/overview?project=302986531710 then retry. If you enabled this API recently, wait a few minutes for the action to propagate to our systems and retry.","domain":"usageLimits","reason":"accessNotConfigured","extendedHelp":"https://console.developers.google.com"}],"status":"PERMISSION_DENIED","details":[{"@type":"type.googleapis.com/google.rpc.ErrorInfo","reason":"SERVICE_DISABLED","domain":"googleapis.com","metadata":{"containerInfo":"302986531710","activationUrl":"https://console.developers.google.com/apis/api/compute.googleapis.com/overview?project=302986531710","consumer":"projects/302986531710","serviceTitle":"Compute Engine API","service":"compute.googleapis.com"}},{"@type":"type.googleapis.com/google.rpc.LocalizedMessage","locale":"en-US","message":"Compute Engine API has not been used in project 302986531710 before or it is disabled. Enable it by visiting https://console.developers.google.com/apis/api/compute.googleapis.com/overview?project=302986531710 then retry. If you enabled this API recently, wait a few minutes for the action to propagate to our systems and retry."},{"@type":"type.googleapis.com/google.rpc.Help","links":[{"description":"Google developers console API activation","url":"https://console.developers.google.com/apis/api/compute.googleapis.com/overview?project=302986531710"}]}]}},"response":{"statusCode":403}},"exit":1,"message":"Request to https://compute.googleapis.com/compute/v1/projects/302986531710 had HTTP Error: 403, Compute Engine API has not been used in project 302986531710 before or it is disabled. Enable it by visiting https://console.developers.google.com/apis/api/compute.googleapis.com/overview?project=302986531710 then retry. If you enabled this API recently, wait a few minutes for the action to propagate to our systems and retry.","status":403}
[debug] [2025-10-05T12:45:24.215Z] Checked if tokens are valid: true, expires at: 1759671602145
[debug] [2025-10-05T12:45:24.215Z] Checked if tokens are valid: true, expires at: 1759671602145
[debug] [2025-10-05T12:45:24.216Z] >>> [apiv2][query] GET https://cloudbilling.googleapis.com/v1/projects/tapit-dev-e0eed/billingInfo [none]
[debug] [2025-10-05T12:45:24.470Z] <<< [apiv2][status] GET https://cloudbilling.googleapis.com/v1/projects/tapit-dev-e0eed/billingInfo 200
[debug] [2025-10-05T12:45:24.471Z] <<< [apiv2][body] GET https://cloudbilling.googleapis.com/v1/projects/tapit-dev-e0eed/billingInfo {"name":"projects/tapit-dev-e0eed/billingInfo","projectId":"tapit-dev-e0eed","billingAccountName":"billingAccounts/01E7C6-091187-81EAC9","billingEnabled":true}
[debug] [2025-10-05T12:45:24.473Z] Checked if tokens are valid: true, expires at: 1759671602145
[debug] [2025-10-05T12:45:24.473Z] Checked if tokens are valid: true, expires at: 1759671602145
[debug] [2025-10-05T12:45:24.473Z] >>> [apiv2][query] POST https://cloudfunctions.googleapis.com/v2/projects/tapit-dev-e0eed/locations/us-central1/functions:generateUploadUrl [none]
[debug] [2025-10-05T12:45:25.270Z] <<< [apiv2][status] POST https://cloudfunctions.googleapis.com/v2/projects/tapit-dev-e0eed/locations/us-central1/functions:generateUploadUrl 200
[debug] [2025-10-05T12:45:25.271Z] <<< [apiv2][body] POST https://cloudfunctions.googleapis.com/v2/projects/tapit-dev-e0eed/locations/us-central1/functions:generateUploadUrl {"uploadUrl":"https://storage.googleapis.com/gcf-v2-uploads-302986531710.us-central1.cloudfunctions.appspot.com/56dd21d2-c63a-4be6-bb6f-25283f1f3557.zip?GoogleAccessId=service-302986531710@gcf-admin-robot.iam.gserviceaccount.com&Expires=1759670125&Signature=fipLStfbWGlme5WwXxQWXUdcAFh1pJgftABEQxdn53nhckovpAa6g7H6KSLNUimu5YasQdjBAub%2BWeWBhb8SFAXTjR2TDftjz2mbwq%2BMzL4CIJVcj91m7mhwbPfwYvFg%2B3ODtWhfGHZGTpClm30DlvT5BkJRUVBqfWmbzaB3XUpqCWwQn9TWTvscF7dhPPQ4i9z1r8USgW9iiJr6RsUHjeLtLRyAw1CNtD2H1oyHzWsx1wTQlfYq3CVy%2BEHc72M8rLpf1G2CtjECoe%2B31adoF%2F%2Fey%2Bitw23QmMYXjaYNCV37JjPafv%2FA6pJTIz3zc5H6h1tSrtVsUX85DSQ1bNCskw%3D%3D","storageSource":{"bucket":"gcf-v2-uploads-302986531710.us-central1.cloudfunctions.appspot.com","object":"56dd21d2-c63a-4be6-bb6f-25283f1f3557.zip"}}
[debug] [2025-10-05T12:45:25.272Z] >>> [apiv2][query] PUT https://storage.googleapis.com/gcf-v2-uploads-302986531710.us-central1.cloudfunctions.appspot.com/56dd21d2-c63a-4be6-bb6f-25283f1f3557.zip GoogleAccessId=service-302986531710%40gcf-admin-robot.iam.gserviceaccount.com&Expires=1759670125&Signature=fipLStfbWGlme5WwXxQWXUdcAFh1pJgftABEQxdn53nhckovpAa6g7H6KSLNUimu5YasQdjBAub%2BWeWBhb8SFAXTjR2TDftjz2mbwq%2BMzL4CIJVcj91m7mhwbPfwYvFg%2B3ODtWhfGHZGTpClm30DlvT5BkJRUVBqfWmbzaB3XUpqCWwQn9TWTvscF7dhPPQ4i9z1r8USgW9iiJr6RsUHjeLtLRyAw1CNtD2H1oyHzWsx1wTQlfYq3CVy%2BEHc72M8rLpf1G2CtjECoe%2B31adoF%2F%2Fey%2Bitw23QmMYXjaYNCV37JjPafv%2FA6pJTIz3zc5H6h1tSrtVsUX85DSQ1bNCskw%3D%3D
[debug] [2025-10-05T12:45:25.272Z] >>> [apiv2][body] PUT https://storage.googleapis.com/gcf-v2-uploads-302986531710.us-central1.cloudfunctions.appspot.com/56dd21d2-c63a-4be6-bb6f-25283f1f3557.zip [stream]
[debug] [2025-10-05T12:45:26.270Z] <<< [apiv2][status] PUT https://storage.googleapis.com/gcf-v2-uploads-302986531710.us-central1.cloudfunctions.appspot.com/56dd21d2-c63a-4be6-bb6f-25283f1f3557.zip 200
[debug] [2025-10-05T12:45:26.270Z] <<< [apiv2][body] PUT https://storage.googleapis.com/gcf-v2-uploads-302986531710.us-central1.cloudfunctions.appspot.com/56dd21d2-c63a-4be6-bb6f-25283f1f3557.zip [omitted]
[info] ✔  functions: functions source uploaded successfully 
[info] i  functions: updating Node.js 22 (2nd Gen) function onUserSubscriptionChange(us-central1)... 
[debug] [2025-10-05T12:45:26.278Z] Checked if tokens are valid: true, expires at: 1759671602145
[debug] [2025-10-05T12:45:26.278Z] Checked if tokens are valid: true, expires at: 1759671602145
[debug] [2025-10-05T12:45:26.278Z] >>> [apiv2][query] PATCH https://cloudfunctions.googleapis.com/v2/projects/tapit-dev-e0eed/locations/us-central1/functions/onUserSubscriptionChange updateMask=name%2CbuildConfig.runtime%2CbuildConfig.entryPoint%2CbuildConfig.source.storageSource.bucket%2CbuildConfig.source.storageSource.object%2CbuildConfig.environmentVariables%2CbuildConfig.sourceToken%2CserviceConfig.environmentVariables%2CserviceConfig.ingressSettings%2CserviceConfig.timeoutSeconds%2CserviceConfig.serviceAccountEmail%2CserviceConfig.availableMemory%2CserviceConfig.minInstanceCount%2CserviceConfig.maxInstanceCount%2CserviceConfig.maxInstanceRequestConcurrency%2CserviceConfig.availableCpu%2CserviceConfig.vpcConnector%2CserviceConfig.vpcConnectorEgressSettings%2Clabels%2CeventTrigger.eventType%2CeventTrigger.retryPolicy%2CeventTrigger.eventFilters%2CeventTrigger.triggerRegion
[debug] [2025-10-05T12:45:26.278Z] >>> [apiv2][body] PATCH https://cloudfunctions.googleapis.com/v2/projects/tapit-dev-e0eed/locations/us-central1/functions/onUserSubscriptionChange {"name":"projects/tapit-dev-e0eed/locations/us-central1/functions/onUserSubscriptionChange","buildConfig":{"runtime":"nodejs22","entryPoint":"onUserSubscriptionChange","source":{"storageSource":{"bucket":"gcf-v2-uploads-302986531710.us-central1.cloudfunctions.appspot.com","object":"56dd21d2-c63a-4be6-bb6f-25283f1f3557.zip"}},"environmentVariables":{"GOOGLE_NODE_RUN_SCRIPTS":""}},"serviceConfig":{"environmentVariables":{"APP_WEBHOOK_SECRET":"AIAIzaSyD8JAo4QQTrAIzaSyD8JAo4QQTrdqxgYYlcK7dWn0SRI_qbdqxgYYAIzaSyD8JAo4QQTrdqxgYYlcK7dWn0SRI_qblcK7dWn0SRI_qbzaSyD8JAo4QQTrdqxgYYlcK7dWn0SRI_qb","APP_BASE_URL":"https://tapit-fr-dev.vercel.app","FIREBASE_CONFIG":"{\"projectId\":\"tapit-dev-e0eed\",\"storageBucket\":\"tapit-dev-e0eed.firebasestorage.app\"}","GCLOUD_PROJECT":"tapit-dev-e0eed","EVENTARC_CLOUD_EVENT_SOURCE":"projects/tapit-dev-e0eed/locations/us-central1/services/onUserSubscriptionChange","FUNCTION_SIGNATURE_TYPE":"cloudevent","FUNCTION_TARGET":"onUserSubscriptionChange","LOG_EXECUTION_ID":"true"},"ingressSettings":null,"timeoutSeconds":null,"serviceAccountEmail":null,"availableMemory":"256Mi","minInstanceCount":null,"maxInstanceCount":null,"maxInstanceRequestConcurrency":80,"availableCpu":"1","vpcConnector":null,"vpcConnectorEgressSettings":null},"labels":{"deployment-tool":"cli-firebase","firebase-functions-hash":"a030ad77dd5744cec69f08bd2aa7bc3118ce6a58"},"eventTrigger":{"eventType":"google.cloud.firestore.document.v1.updated","retryPolicy":"RETRY_POLICY_DO_NOT_RETRY","eventFilters":[{"attribute":"database","value":"(default)"},{"attribute":"namespace","value":"(default)"},{"attribute":"document","value":"users/{userId}","operator":"match-path-pattern"}],"triggerRegion":"nam5"}}
[debug] [2025-10-05T12:45:27.965Z] <<< [apiv2][status] PATCH https://cloudfunctions.googleapis.com/v2/projects/tapit-dev-e0eed/locations/us-central1/functions/onUserSubscriptionChange 200
[debug] [2025-10-05T12:45:27.966Z] <<< [apiv2][body] PATCH https://cloudfunctions.googleapis.com/v2/projects/tapit-dev-e0eed/locations/us-central1/functions/onUserSubscriptionChange {"name":"projects/tapit-dev-e0eed/locations/us-central1/operations/operation-1759668326895-64068b58c0ee2-1caa3838-3457fa4b","metadata":{"@type":"type.googleapis.com/google.cloud.functions.v2.OperationMetadata","createTime":"2025-10-05T12:45:27.880909251Z","target":"projects/tapit-dev-e0eed/locations/us-central1/functions/onUserSubscriptionChange","verb":"update","cancelRequested":false,"apiVersion":"v2"},"done":false}
[debug] [2025-10-05T12:45:27.967Z] Checked if tokens are valid: true, expires at: 1759671602145
[debug] [2025-10-05T12:45:27.967Z] Checked if tokens are valid: true, expires at: 1759671602145
[debug] [2025-10-05T12:45:27.967Z] >>> [apiv2][query] GET https://cloudfunctions.googleapis.com/v2/projects/tapit-dev-e0eed/locations/us-central1/operations/operation-1759668326895-64068b58c0ee2-1caa3838-3457fa4b [none]
[debug] [2025-10-05T12:45:28.650Z] <<< [apiv2][status] GET https://cloudfunctions.googleapis.com/v2/projects/tapit-dev-e0eed/locations/us-central1/operations/operation-1759668326895-64068b58c0ee2-1caa3838-3457fa4b 200
[debug] [2025-10-05T12:45:28.650Z] <<< [apiv2][body] GET https://cloudfunctions.googleapis.com/v2/projects/tapit-dev-e0eed/locations/us-central1/operations/operation-1759668326895-64068b58c0ee2-1caa3838-3457fa4b {"name":"projects/tapit-dev-e0eed/locations/us-central1/operations/operation-1759668326895-64068b58c0ee2-1caa3838-3457fa4b","metadata":{"@type":"type.googleapis.com/google.cloud.functions.v2.OperationMetadata","createTime":"2025-10-05T12:45:27.880909251Z","target":"projects/tapit-dev-e0eed/locations/us-central1/functions/onUserSubscriptionChange","verb":"update","cancelRequested":false,"apiVersion":"v2","requestResource":{"@type":"type.googleapis.com/google.cloud.functions.v2.Function","name":"projects/tapit-dev-e0eed/locations/us-central1/functions/onUserSubscriptionChange","buildConfig":{"runtime":"nodejs22","entryPoint":"onUserSubscriptionChange","source":{"storageSource":{"bucket":"gcf-v2-sources-302986531710-us-central1","object":"onUserSubscriptionChange/function-source.zip","generation":"1759668327806879"}},"environmentVariables":{"GOOGLE_NODE_RUN_SCRIPTS":""},"dockerRepository":"projects/tapit-dev-e0eed/locations/us-central1/repositories/gcf-artifacts","sourceProvenance":{"resolvedStorageSource":{"bucket":"gcf-v2-sources-302986531710-us-central1","object":"onUserSubscriptionChange/function-source.zip","generation":"1759666147150027"}},"dockerRegistry":"ARTIFACT_REGISTRY","serviceAccount":"projects/tapit-dev-e0eed/serviceAccounts/302986531710-compute@developer.gserviceaccount.com","automaticUpdatePolicy":{}},"serviceConfig":{"service":"projects/tapit-dev-e0eed/locations/us-central1/services/onusersubscriptionchange","timeoutSeconds":60,"environmentVariables":{"APP_WEBHOOK_SECRET":"AIAIzaSyD8JAo4QQTrAIzaSyD8JAo4QQTrdqxgYYlcK7dWn0SRI_qbdqxgYYAIzaSyD8JAo4QQTrdqxgYYlcK7dWn0SRI_qblcK7dWn0SRI_qbzaSyD8JAo4QQTrdqxgYYlcK7dWn0SRI_qb","APP_BASE_URL":"https://tapit-fr-dev.vercel.app","FIREBASE_CONFIG":"{\"projectId\":\"tapit-dev-e0eed\",\"storageBucket\":\"tapit-dev-e0eed.firebasestorage.app\"}","GCLOUD_PROJECT":"tapit-dev-e0eed","EVENTARC_CLOUD_EVENT_SOURCE":"projects/tapit-dev-e0eed/locations/us-central1/services/onUserSubscriptionChange","FUNCTION_SIGNATURE_TYPE":"cloudevent","FUNCTION_TARGET":"onUserSubscriptionChange","LOG_EXECUTION_ID":"true"},"ingressSettings":"ALLOW_ALL","uri":"https://onusersubscriptionchange-g6rm6pnita-uc.a.run.app","serviceAccountEmail":"302986531710-compute@developer.gserviceaccount.com","availableMemory":"256Mi","allTrafficOnLatestRevision":true,"revision":"onusersubscriptionchange-00001-mox","maxInstanceRequestConcurrency":80,"availableCpu":"1"},"eventTrigger":{"trigger":"projects/tapit-dev-e0eed/locations/nam5/triggers/onusersubscriptionchange-160692","triggerRegion":"nam5","eventType":"google.cloud.firestore.document.v1.updated","eventFilters":[{"attribute":"database","value":"(default)"},{"attribute":"namespace","value":"(default)"},{"attribute":"document","value":"users/{userId}","operator":"match-path-pattern"}],"pubsubTopic":"projects/tapit-dev-e0eed/topics/eventarc-nam5-onusersubscriptionchange-160692-939","serviceAccountEmail":"302986531710-compute@developer.gserviceaccount.com","retryPolicy":"RETRY_POLICY_DO_NOT_RETRY"},"state":"ACTIVE","labels":{"deployment-tool":"cli-firebase","firebase-functions-hash":"a030ad77dd5744cec69f08bd2aa7bc3118ce6a58"},"environment":"GEN_2","url":"https://us-central1-tapit-dev-e0eed.cloudfunctions.net/onUserSubscriptionChange","satisfiesPzi":true},"stages":[{"name":"BUILD","state":"NOT_STARTED"},{"name":"SERVICE","state":"NOT_STARTED"},{"name":"TRIGGER","state":"NOT_STARTED"}],"operationType":"UPDATE_FUNCTION"},"done":false}
[debug] [2025-10-05T12:45:29.152Z] [update-default-us-central1-onUserSubscriptionChange] Retrying task index 0
[debug] [2025-10-05T12:45:29.152Z] Checked if tokens are valid: true, expires at: 1759671602145
[debug] [2025-10-05T12:45:29.153Z] Checked if tokens are valid: true, expires at: 1759671602145
[debug] [2025-10-05T12:45:29.153Z] >>> [apiv2][query] GET https://cloudfunctions.googleapis.com/v2/projects/tapit-dev-e0eed/locations/us-central1/operations/operation-1759668326895-64068b58c0ee2-1caa3838-3457fa4b [none]
[debug] [2025-10-05T12:45:29.852Z] <<< [apiv2][status] GET https://cloudfunctions.googleapis.com/v2/projects/tapit-dev-e0eed/locations/us-central1/operations/operation-1759668326895-64068b58c0ee2-1caa3838-3457fa4b 200
[debug] [2025-10-05T12:45:29.852Z] <<< [apiv2][body] GET https://cloudfunctions.googleapis.com/v2/projects/tapit-dev-e0eed/locations/us-central1/operations/operation-1759668326895-64068b58c0ee2-1caa3838-3457fa4b {"name":"projects/tapit-dev-e0eed/locations/us-central1/operations/operation-1759668326895-64068b58c0ee2-1caa3838-3457fa4b","metadata":{"@type":"type.googleapis.com/google.cloud.functions.v2.OperationMetadata","createTime":"2025-10-05T12:45:27.880909251Z","target":"projects/tapit-dev-e0eed/locations/us-central1/functions/onUserSubscriptionChange","verb":"update","cancelRequested":false,"apiVersion":"v2","requestResource":{"@type":"type.googleapis.com/google.cloud.functions.v2.Function","name":"projects/tapit-dev-e0eed/locations/us-central1/functions/onUserSubscriptionChange","buildConfig":{"runtime":"nodejs22","entryPoint":"onUserSubscriptionChange","source":{"storageSource":{"bucket":"gcf-v2-sources-302986531710-us-central1","object":"onUserSubscriptionChange/function-source.zip","generation":"1759668327806879"}},"environmentVariables":{"GOOGLE_NODE_RUN_SCRIPTS":""},"dockerRepository":"projects/tapit-dev-e0eed/locations/us-central1/repositories/gcf-artifacts","sourceProvenance":{"resolvedStorageSource":{"bucket":"gcf-v2-sources-302986531710-us-central1","object":"onUserSubscriptionChange/function-source.zip","generation":"1759666147150027"}},"dockerRegistry":"ARTIFACT_REGISTRY","serviceAccount":"projects/tapit-dev-e0eed/serviceAccounts/302986531710-compute@developer.gserviceaccount.com","automaticUpdatePolicy":{}},"serviceConfig":{"service":"projects/tapit-dev-e0eed/locations/us-central1/services/onusersubscriptionchange","timeoutSeconds":60,"environmentVariables":{"APP_WEBHOOK_SECRET":"AIAIzaSyD8JAo4QQTrAIzaSyD8JAo4QQTrdqxgYYlcK7dWn0SRI_qbdqxgYYAIzaSyD8JAo4QQTrdqxgYYlcK7dWn0SRI_qblcK7dWn0SRI_qbzaSyD8JAo4QQTrdqxgYYlcK7dWn0SRI_qb","APP_BASE_URL":"https://tapit-fr-dev.vercel.app","FIREBASE_CONFIG":"{\"projectId\":\"tapit-dev-e0eed\",\"storageBucket\":\"tapit-dev-e0eed.firebasestorage.app\"}","GCLOUD_PROJECT":"tapit-dev-e0eed","EVENTARC_CLOUD_EVENT_SOURCE":"projects/tapit-dev-e0eed/locations/us-central1/services/onUserSubscriptionChange","FUNCTION_SIGNATURE_TYPE":"cloudevent","FUNCTION_TARGET":"onUserSubscriptionChange","LOG_EXECUTION_ID":"true"},"ingressSettings":"ALLOW_ALL","uri":"https://onusersubscriptionchange-g6rm6pnita-uc.a.run.app","serviceAccountEmail":"302986531710-compute@developer.gserviceaccount.com","availableMemory":"256Mi","allTrafficOnLatestRevision":true,"revision":"onusersubscriptionchange-00001-mox","maxInstanceRequestConcurrency":80,"availableCpu":"1"},"eventTrigger":{"trigger":"projects/tapit-dev-e0eed/locations/nam5/triggers/onusersubscriptionchange-160692","triggerRegion":"nam5","eventType":"google.cloud.firestore.document.v1.updated","eventFilters":[{"attribute":"database","value":"(default)"},{"attribute":"namespace","value":"(default)"},{"attribute":"document","value":"users/{userId}","operator":"match-path-pattern"}],"pubsubTopic":"projects/tapit-dev-e0eed/topics/eventarc-nam5-onusersubscriptionchange-160692-939","serviceAccountEmail":"302986531710-compute@developer.gserviceaccount.com","retryPolicy":"RETRY_POLICY_DO_NOT_RETRY"},"state":"ACTIVE","labels":{"deployment-tool":"cli-firebase","firebase-functions-hash":"a030ad77dd5744cec69f08bd2aa7bc3118ce6a58"},"environment":"GEN_2","url":"https://us-central1-tapit-dev-e0eed.cloudfunctions.net/onUserSubscriptionChange","satisfiesPzi":true},"stages":[{"name":"BUILD","message":"Build in progress","state":"IN_PROGRESS","resource":"projects/302986531710/locations/us-central1/builds/709b4564-24a6-40e0-9446-a4c8173f182d","resourceUri":"https://console.cloud.google.com/cloud-build/builds;region=us-central1/709b4564-24a6-40e0-9446-a4c8173f182d?project=302986531710"},{"name":"SERVICE","state":"NOT_STARTED"},{"name":"TRIGGER","state":"NOT_STARTED"}],"operationType":"UPDATE_FUNCTION","buildName":"projects/302986531710/locations/us-central1/builds/709b4564-24a6-40e0-9446-a4c8173f182d"},"done":false}
[debug] [2025-10-05T12:45:30.857Z] [update-default-us-central1-onUserSubscriptionChange] Retrying task index 0
[debug] [2025-10-05T12:45:30.858Z] Checked if tokens are valid: true, expires at: 1759671602145
[debug] [2025-10-05T12:45:30.858Z] Checked if tokens are valid: true, expires at: 1759671602145
[debug] [2025-10-05T12:45:30.858Z] >>> [apiv2][query] GET https://cloudfunctions.googleapis.com/v2/projects/tapit-dev-e0eed/locations/us-central1/operations/operation-1759668326895-64068b58c0ee2-1caa3838-3457fa4b [none]
[debug] [2025-10-05T12:45:31.573Z] <<< [apiv2][status] GET https://cloudfunctions.googleapis.com/v2/projects/tapit-dev-e0eed/locations/us-central1/operations/operation-1759668326895-64068b58c0ee2-1caa3838-3457fa4b 200
[debug] [2025-10-05T12:45:31.573Z] <<< [apiv2][body] GET https://cloudfunctions.googleapis.com/v2/projects/tapit-dev-e0eed/locations/us-central1/operations/operation-1759668326895-64068b58c0ee2-1caa3838-3457fa4b {"name":"projects/tapit-dev-e0eed/locations/us-central1/operations/operation-1759668326895-64068b58c0ee2-1caa3838-3457fa4b","metadata":{"@type":"type.googleapis.com/google.cloud.functions.v2.OperationMetadata","createTime":"2025-10-05T12:45:27.880909251Z","target":"projects/tapit-dev-e0eed/locations/us-central1/functions/onUserSubscriptionChange","verb":"update","cancelRequested":false,"apiVersion":"v2","requestResource":{"@type":"type.googleapis.com/google.cloud.functions.v2.Function","name":"projects/tapit-dev-e0eed/locations/us-central1/functions/onUserSubscriptionChange","buildConfig":{"runtime":"nodejs22","entryPoint":"onUserSubscriptionChange","source":{"storageSource":{"bucket":"gcf-v2-sources-302986531710-us-central1","object":"onUserSubscriptionChange/function-source.zip","generation":"1759668327806879"}},"environmentVariables":{"GOOGLE_NODE_RUN_SCRIPTS":""},"dockerRepository":"projects/tapit-dev-e0eed/locations/us-central1/repositories/gcf-artifacts","sourceProvenance":{"resolvedStorageSource":{"bucket":"gcf-v2-sources-302986531710-us-central1","object":"onUserSubscriptionChange/function-source.zip","generation":"1759666147150027"}},"dockerRegistry":"ARTIFACT_REGISTRY","serviceAccount":"projects/tapit-dev-e0eed/serviceAccounts/302986531710-compute@developer.gserviceaccount.com","automaticUpdatePolicy":{}},"serviceConfig":{"service":"projects/tapit-dev-e0eed/locations/us-central1/services/onusersubscriptionchange","timeoutSeconds":60,"environmentVariables":{"APP_WEBHOOK_SECRET":"AIAIzaSyD8JAo4QQTrAIzaSyD8JAo4QQTrdqxgYYlcK7dWn0SRI_qbdqxgYYAIzaSyD8JAo4QQTrdqxgYYlcK7dWn0SRI_qblcK7dWn0SRI_qbzaSyD8JAo4QQTrdqxgYYlcK7dWn0SRI_qb","APP_BASE_URL":"https://tapit-fr-dev.vercel.app","FIREBASE_CONFIG":"{\"projectId\":\"tapit-dev-e0eed\",\"storageBucket\":\"tapit-dev-e0eed.firebasestorage.app\"}","GCLOUD_PROJECT":"tapit-dev-e0eed","EVENTARC_CLOUD_EVENT_SOURCE":"projects/tapit-dev-e0eed/locations/us-central1/services/onUserSubscriptionChange","FUNCTION_SIGNATURE_TYPE":"cloudevent","FUNCTION_TARGET":"onUserSubscriptionChange","LOG_EXECUTION_ID":"true"},"ingressSettings":"ALLOW_ALL","uri":"https://onusersubscriptionchange-g6rm6pnita-uc.a.run.app","serviceAccountEmail":"302986531710-compute@developer.gserviceaccount.com","availableMemory":"256Mi","allTrafficOnLatestRevision":true,"revision":"onusersubscriptionchange-00001-mox","maxInstanceRequestConcurrency":80,"availableCpu":"1"},"eventTrigger":{"trigger":"projects/tapit-dev-e0eed/locations/nam5/triggers/onusersubscriptionchange-160692","triggerRegion":"nam5","eventType":"google.cloud.firestore.document.v1.updated","eventFilters":[{"attribute":"database","value":"(default)"},{"attribute":"namespace","value":"(default)"},{"attribute":"document","value":"users/{userId}","operator":"match-path-pattern"}],"pubsubTopic":"projects/tapit-dev-e0eed/topics/eventarc-nam5-onusersubscriptionchange-160692-939","serviceAccountEmail":"302986531710-compute@developer.gserviceaccount.com","retryPolicy":"RETRY_POLICY_DO_NOT_RETRY"},"state":"ACTIVE","labels":{"deployment-tool":"cli-firebase","firebase-functions-hash":"a030ad77dd5744cec69f08bd2aa7bc3118ce6a58"},"environment":"GEN_2","url":"https://us-central1-tapit-dev-e0eed.cloudfunctions.net/onUserSubscriptionChange","satisfiesPzi":true},"stages":[{"name":"BUILD","message":"Build in progress","state":"IN_PROGRESS","resource":"projects/302986531710/locations/us-central1/builds/709b4564-24a6-40e0-9446-a4c8173f182d","resourceUri":"https://console.cloud.google.com/cloud-build/builds;region=us-central1/709b4564-24a6-40e0-9446-a4c8173f182d?project=302986531710"},{"name":"SERVICE","state":"NOT_STARTED"},{"name":"TRIGGER","state":"NOT_STARTED"}],"operationType":"UPDATE_FUNCTION","buildName":"projects/302986531710/locations/us-central1/builds/709b4564-24a6-40e0-9446-a4c8173f182d"},"done":false}
[debug] [2025-10-05T12:45:33.583Z] [update-default-us-central1-onUserSubscriptionChange] Retrying task index 0
[debug] [2025-10-05T12:45:33.584Z] Checked if tokens are valid: true, expires at: 1759671602145
[debug] [2025-10-05T12:45:33.584Z] Checked if tokens are valid: true, expires at: 1759671602145
[debug] [2025-10-05T12:45:33.584Z] >>> [apiv2][query] GET https://cloudfunctions.googleapis.com/v2/projects/tapit-dev-e0eed/locations/us-central1/operations/operation-1759668326895-64068b58c0ee2-1caa3838-3457fa4b [none]
[debug] [2025-10-05T12:45:34.440Z] <<< [apiv2][status] GET https://cloudfunctions.googleapis.com/v2/projects/tapit-dev-e0eed/locations/us-central1/operations/operation-1759668326895-64068b58c0ee2-1caa3838-3457fa4b 200
[debug] [2025-10-05T12:45:34.440Z] <<< [apiv2][body] GET https://cloudfunctions.googleapis.com/v2/projects/tapit-dev-e0eed/locations/us-central1/operations/operation-1759668326895-64068b58c0ee2-1caa3838-3457fa4b {"name":"projects/tapit-dev-e0eed/locations/us-central1/operations/operation-1759668326895-64068b58c0ee2-1caa3838-3457fa4b","metadata":{"@type":"type.googleapis.com/google.cloud.functions.v2.OperationMetadata","createTime":"2025-10-05T12:45:27.880909251Z","target":"projects/tapit-dev-e0eed/locations/us-central1/functions/onUserSubscriptionChange","verb":"update","cancelRequested":false,"apiVersion":"v2","requestResource":{"@type":"type.googleapis.com/google.cloud.functions.v2.Function","name":"projects/tapit-dev-e0eed/locations/us-central1/functions/onUserSubscriptionChange","buildConfig":{"runtime":"nodejs22","entryPoint":"onUserSubscriptionChange","source":{"storageSource":{"bucket":"gcf-v2-sources-302986531710-us-central1","object":"onUserSubscriptionChange/function-source.zip","generation":"1759668327806879"}},"environmentVariables":{"GOOGLE_NODE_RUN_SCRIPTS":""},"dockerRepository":"projects/tapit-dev-e0eed/locations/us-central1/repositories/gcf-artifacts","sourceProvenance":{"resolvedStorageSource":{"bucket":"gcf-v2-sources-302986531710-us-central1","object":"onUserSubscriptionChange/function-source.zip","generation":"1759666147150027"}},"dockerRegistry":"ARTIFACT_REGISTRY","serviceAccount":"projects/tapit-dev-e0eed/serviceAccounts/302986531710-compute@developer.gserviceaccount.com","automaticUpdatePolicy":{}},"serviceConfig":{"service":"projects/tapit-dev-e0eed/locations/us-central1/services/onusersubscriptionchange","timeoutSeconds":60,"environmentVariables":{"APP_WEBHOOK_SECRET":"AIAIzaSyD8JAo4QQTrAIzaSyD8JAo4QQTrdqxgYYlcK7dWn0SRI_qbdqxgYYAIzaSyD8JAo4QQTrdqxgYYlcK7dWn0SRI_qblcK7dWn0SRI_qbzaSyD8JAo4QQTrdqxgYYlcK7dWn0SRI_qb","APP_BASE_URL":"https://tapit-fr-dev.vercel.app","FIREBASE_CONFIG":"{\"projectId\":\"tapit-dev-e0eed\",\"storageBucket\":\"tapit-dev-e0eed.firebasestorage.app\"}","GCLOUD_PROJECT":"tapit-dev-e0eed","EVENTARC_CLOUD_EVENT_SOURCE":"projects/tapit-dev-e0eed/locations/us-central1/services/onUserSubscriptionChange","FUNCTION_SIGNATURE_TYPE":"cloudevent","FUNCTION_TARGET":"onUserSubscriptionChange","LOG_EXECUTION_ID":"true"},"ingressSettings":"ALLOW_ALL","uri":"https://onusersubscriptionchange-g6rm6pnita-uc.a.run.app","serviceAccountEmail":"302986531710-compute@developer.gserviceaccount.com","availableMemory":"256Mi","allTrafficOnLatestRevision":true,"revision":"onusersubscriptionchange-00001-mox","maxInstanceRequestConcurrency":80,"availableCpu":"1"},"eventTrigger":{"trigger":"projects/tapit-dev-e0eed/locations/nam5/triggers/onusersubscriptionchange-160692","triggerRegion":"nam5","eventType":"google.cloud.firestore.document.v1.updated","eventFilters":[{"attribute":"database","value":"(default)"},{"attribute":"namespace","value":"(default)"},{"attribute":"document","value":"users/{userId}","operator":"match-path-pattern"}],"pubsubTopic":"projects/tapit-dev-e0eed/topics/eventarc-nam5-onusersubscriptionchange-160692-939","serviceAccountEmail":"302986531710-compute@developer.gserviceaccount.com","retryPolicy":"RETRY_POLICY_DO_NOT_RETRY"},"state":"ACTIVE","labels":{"deployment-tool":"cli-firebase","firebase-functions-hash":"a030ad77dd5744cec69f08bd2aa7bc3118ce6a58"},"environment":"GEN_2","url":"https://us-central1-tapit-dev-e0eed.cloudfunctions.net/onUserSubscriptionChange","satisfiesPzi":true},"stages":[{"name":"BUILD","message":"Build in progress","state":"IN_PROGRESS","resource":"projects/302986531710/locations/us-central1/builds/709b4564-24a6-40e0-9446-a4c8173f182d","resourceUri":"https://console.cloud.google.com/cloud-build/builds;region=us-central1/709b4564-24a6-40e0-9446-a4c8173f182d?project=302986531710"},{"name":"SERVICE","state":"NOT_STARTED"},{"name":"TRIGGER","state":"NOT_STARTED"}],"operationType":"UPDATE_FUNCTION","buildName":"projects/302986531710/locations/us-central1/builds/709b4564-24a6-40e0-9446-a4c8173f182d"},"done":false}
[debug] [2025-10-05T12:45:38.453Z] [update-default-us-central1-onUserSubscriptionChange] Retrying task index 0
[debug] [2025-10-05T12:45:38.454Z] Checked if tokens are valid: true, expires at: 1759671602145
[debug] [2025-10-05T12:45:38.454Z] Checked if tokens are valid: true, expires at: 1759671602145
[debug] [2025-10-05T12:45:38.454Z] >>> [apiv2][query] GET https://cloudfunctions.googleapis.com/v2/projects/tapit-dev-e0eed/locations/us-central1/operations/operation-1759668326895-64068b58c0ee2-1caa3838-3457fa4b [none]
[debug] [2025-10-05T12:45:39.133Z] <<< [apiv2][status] GET https://cloudfunctions.googleapis.com/v2/projects/tapit-dev-e0eed/locations/us-central1/operations/operation-1759668326895-64068b58c0ee2-1caa3838-3457fa4b 200
[debug] [2025-10-05T12:45:39.134Z] <<< [apiv2][body] GET https://cloudfunctions.googleapis.com/v2/projects/tapit-dev-e0eed/locations/us-central1/operations/operation-1759668326895-64068b58c0ee2-1caa3838-3457fa4b {"name":"projects/tapit-dev-e0eed/locations/us-central1/operations/operation-1759668326895-64068b58c0ee2-1caa3838-3457fa4b","metadata":{"@type":"type.googleapis.com/google.cloud.functions.v2.OperationMetadata","createTime":"2025-10-05T12:45:27.880909251Z","target":"projects/tapit-dev-e0eed/locations/us-central1/functions/onUserSubscriptionChange","verb":"update","cancelRequested":false,"apiVersion":"v2","requestResource":{"@type":"type.googleapis.com/google.cloud.functions.v2.Function","name":"projects/tapit-dev-e0eed/locations/us-central1/functions/onUserSubscriptionChange","buildConfig":{"runtime":"nodejs22","entryPoint":"onUserSubscriptionChange","source":{"storageSource":{"bucket":"gcf-v2-sources-302986531710-us-central1","object":"onUserSubscriptionChange/function-source.zip","generation":"1759668327806879"}},"environmentVariables":{"GOOGLE_NODE_RUN_SCRIPTS":""},"dockerRepository":"projects/tapit-dev-e0eed/locations/us-central1/repositories/gcf-artifacts","sourceProvenance":{"resolvedStorageSource":{"bucket":"gcf-v2-sources-302986531710-us-central1","object":"onUserSubscriptionChange/function-source.zip","generation":"1759666147150027"}},"dockerRegistry":"ARTIFACT_REGISTRY","serviceAccount":"projects/tapit-dev-e0eed/serviceAccounts/302986531710-compute@developer.gserviceaccount.com","automaticUpdatePolicy":{}},"serviceConfig":{"service":"projects/tapit-dev-e0eed/locations/us-central1/services/onusersubscriptionchange","timeoutSeconds":60,"environmentVariables":{"APP_WEBHOOK_SECRET":"AIAIzaSyD8JAo4QQTrAIzaSyD8JAo4QQTrdqxgYYlcK7dWn0SRI_qbdqxgYYAIzaSyD8JAo4QQTrdqxgYYlcK7dWn0SRI_qblcK7dWn0SRI_qbzaSyD8JAo4QQTrdqxgYYlcK7dWn0SRI_qb","APP_BASE_URL":"https://tapit-fr-dev.vercel.app","FIREBASE_CONFIG":"{\"projectId\":\"tapit-dev-e0eed\",\"storageBucket\":\"tapit-dev-e0eed.firebasestorage.app\"}","GCLOUD_PROJECT":"tapit-dev-e0eed","EVENTARC_CLOUD_EVENT_SOURCE":"projects/tapit-dev-e0eed/locations/us-central1/services/onUserSubscriptionChange","FUNCTION_SIGNATURE_TYPE":"cloudevent","FUNCTION_TARGET":"onUserSubscriptionChange","LOG_EXECUTION_ID":"true"},"ingressSettings":"ALLOW_ALL","uri":"https://onusersubscriptionchange-g6rm6pnita-uc.a.run.app","serviceAccountEmail":"302986531710-compute@developer.gserviceaccount.com","availableMemory":"256Mi","allTrafficOnLatestRevision":true,"revision":"onusersubscriptionchange-00001-mox","maxInstanceRequestConcurrency":80,"availableCpu":"1"},"eventTrigger":{"trigger":"projects/tapit-dev-e0eed/locations/nam5/triggers/onusersubscriptionchange-160692","triggerRegion":"nam5","eventType":"google.cloud.firestore.document.v1.updated","eventFilters":[{"attribute":"database","value":"(default)"},{"attribute":"namespace","value":"(default)"},{"attribute":"document","value":"users/{userId}","operator":"match-path-pattern"}],"pubsubTopic":"projects/tapit-dev-e0eed/topics/eventarc-nam5-onusersubscriptionchange-160692-939","serviceAccountEmail":"302986531710-compute@developer.gserviceaccount.com","retryPolicy":"RETRY_POLICY_DO_NOT_RETRY"},"state":"ACTIVE","labels":{"deployment-tool":"cli-firebase","firebase-functions-hash":"a030ad77dd5744cec69f08bd2aa7bc3118ce6a58"},"environment":"GEN_2","url":"https://us-central1-tapit-dev-e0eed.cloudfunctions.net/onUserSubscriptionChange","satisfiesPzi":true},"stages":[{"name":"BUILD","message":"Build in progress","state":"IN_PROGRESS","resource":"projects/302986531710/locations/us-central1/builds/709b4564-24a6-40e0-9446-a4c8173f182d","resourceUri":"https://console.cloud.google.com/cloud-build/builds;region=us-central1/709b4564-24a6-40e0-9446-a4c8173f182d?project=302986531710"},{"name":"SERVICE","state":"NOT_STARTED"},{"name":"TRIGGER","state":"NOT_STARTED"}],"operationType":"UPDATE_FUNCTION","buildName":"projects/302986531710/locations/us-central1/builds/709b4564-24a6-40e0-9446-a4c8173f182d"},"done":false}
[debug] [2025-10-05T12:45:47.138Z] [update-default-us-central1-onUserSubscriptionChange] Retrying task index 0
[debug] [2025-10-05T12:45:47.139Z] Checked if tokens are valid: true, expires at: 1759671602145
[debug] [2025-10-05T12:45:47.139Z] Checked if tokens are valid: true, expires at: 1759671602145
[debug] [2025-10-05T12:45:47.140Z] >>> [apiv2][query] GET https://cloudfunctions.googleapis.com/v2/projects/tapit-dev-e0eed/locations/us-central1/operations/operation-1759668326895-64068b58c0ee2-1caa3838-3457fa4b [none]
[debug] [2025-10-05T12:45:47.889Z] <<< [apiv2][status] GET https://cloudfunctions.googleapis.com/v2/projects/tapit-dev-e0eed/locations/us-central1/operations/operation-1759668326895-64068b58c0ee2-1caa3838-3457fa4b 200
[debug] [2025-10-05T12:45:47.889Z] <<< [apiv2][body] GET https://cloudfunctions.googleapis.com/v2/projects/tapit-dev-e0eed/locations/us-central1/operations/operation-1759668326895-64068b58c0ee2-1caa3838-3457fa4b {"name":"projects/tapit-dev-e0eed/locations/us-central1/operations/operation-1759668326895-64068b58c0ee2-1caa3838-3457fa4b","metadata":{"@type":"type.googleapis.com/google.cloud.functions.v2.OperationMetadata","createTime":"2025-10-05T12:45:27.880909251Z","target":"projects/tapit-dev-e0eed/locations/us-central1/functions/onUserSubscriptionChange","verb":"update","cancelRequested":false,"apiVersion":"v2","requestResource":{"@type":"type.googleapis.com/google.cloud.functions.v2.Function","name":"projects/tapit-dev-e0eed/locations/us-central1/functions/onUserSubscriptionChange","buildConfig":{"runtime":"nodejs22","entryPoint":"onUserSubscriptionChange","source":{"storageSource":{"bucket":"gcf-v2-sources-302986531710-us-central1","object":"onUserSubscriptionChange/function-source.zip","generation":"1759668327806879"}},"environmentVariables":{"GOOGLE_NODE_RUN_SCRIPTS":""},"dockerRepository":"projects/tapit-dev-e0eed/locations/us-central1/repositories/gcf-artifacts","sourceProvenance":{"resolvedStorageSource":{"bucket":"gcf-v2-sources-302986531710-us-central1","object":"onUserSubscriptionChange/function-source.zip","generation":"1759666147150027"}},"dockerRegistry":"ARTIFACT_REGISTRY","serviceAccount":"projects/tapit-dev-e0eed/serviceAccounts/302986531710-compute@developer.gserviceaccount.com","automaticUpdatePolicy":{}},"serviceConfig":{"service":"projects/tapit-dev-e0eed/locations/us-central1/services/onusersubscriptionchange","timeoutSeconds":60,"environmentVariables":{"APP_WEBHOOK_SECRET":"AIAIzaSyD8JAo4QQTrAIzaSyD8JAo4QQTrdqxgYYlcK7dWn0SRI_qbdqxgYYAIzaSyD8JAo4QQTrdqxgYYlcK7dWn0SRI_qblcK7dWn0SRI_qbzaSyD8JAo4QQTrdqxgYYlcK7dWn0SRI_qb","APP_BASE_URL":"https://tapit-fr-dev.vercel.app","FIREBASE_CONFIG":"{\"projectId\":\"tapit-dev-e0eed\",\"storageBucket\":\"tapit-dev-e0eed.firebasestorage.app\"}","GCLOUD_PROJECT":"tapit-dev-e0eed","EVENTARC_CLOUD_EVENT_SOURCE":"projects/tapit-dev-e0eed/locations/us-central1/services/onUserSubscriptionChange","FUNCTION_SIGNATURE_TYPE":"cloudevent","FUNCTION_TARGET":"onUserSubscriptionChange","LOG_EXECUTION_ID":"true"},"ingressSettings":"ALLOW_ALL","uri":"https://onusersubscriptionchange-g6rm6pnita-uc.a.run.app","serviceAccountEmail":"302986531710-compute@developer.gserviceaccount.com","availableMemory":"256Mi","allTrafficOnLatestRevision":true,"revision":"onusersubscriptionchange-00001-mox","maxInstanceRequestConcurrency":80,"availableCpu":"1"},"eventTrigger":{"trigger":"projects/tapit-dev-e0eed/locations/nam5/triggers/onusersubscriptionchange-160692","triggerRegion":"nam5","eventType":"google.cloud.firestore.document.v1.updated","eventFilters":[{"attribute":"database","value":"(default)"},{"attribute":"namespace","value":"(default)"},{"attribute":"document","value":"users/{userId}","operator":"match-path-pattern"}],"pubsubTopic":"projects/tapit-dev-e0eed/topics/eventarc-nam5-onusersubscriptionchange-160692-939","serviceAccountEmail":"302986531710-compute@developer.gserviceaccount.com","retryPolicy":"RETRY_POLICY_DO_NOT_RETRY"},"state":"ACTIVE","labels":{"deployment-tool":"cli-firebase","firebase-functions-hash":"a030ad77dd5744cec69f08bd2aa7bc3118ce6a58"},"environment":"GEN_2","url":"https://us-central1-tapit-dev-e0eed.cloudfunctions.net/onUserSubscriptionChange","satisfiesPzi":true},"stages":[{"name":"BUILD","message":"Build in progress","state":"IN_PROGRESS","resource":"projects/302986531710/locations/us-central1/builds/709b4564-24a6-40e0-9446-a4c8173f182d","resourceUri":"https://console.cloud.google.com/cloud-build/builds;region=us-central1/709b4564-24a6-40e0-9446-a4c8173f182d?project=302986531710"},{"name":"SERVICE","state":"NOT_STARTED"},{"name":"TRIGGER","state":"NOT_STARTED"}],"operationType":"UPDATE_FUNCTION","buildName":"projects/302986531710/locations/us-central1/builds/709b4564-24a6-40e0-9446-a4c8173f182d"},"done":false}
[debug] [2025-10-05T12:45:57.915Z] [update-default-us-central1-onUserSubscriptionChange] Retrying task index 0
[debug] [2025-10-05T12:45:57.917Z] Checked if tokens are valid: true, expires at: 1759671602145
[debug] [2025-10-05T12:45:57.918Z] Checked if tokens are valid: true, expires at: 1759671602145
[debug] [2025-10-05T12:45:57.918Z] >>> [apiv2][query] GET https://cloudfunctions.googleapis.com/v2/projects/tapit-dev-e0eed/locations/us-central1/operations/operation-1759668326895-64068b58c0ee2-1caa3838-3457fa4b [none]
[debug] [2025-10-05T12:45:58.812Z] <<< [apiv2][status] GET https://cloudfunctions.googleapis.com/v2/projects/tapit-dev-e0eed/locations/us-central1/operations/operation-1759668326895-64068b58c0ee2-1caa3838-3457fa4b 200
[debug] [2025-10-05T12:45:58.812Z] <<< [apiv2][body] GET https://cloudfunctions.googleapis.com/v2/projects/tapit-dev-e0eed/locations/us-central1/operations/operation-1759668326895-64068b58c0ee2-1caa3838-3457fa4b {"name":"projects/tapit-dev-e0eed/locations/us-central1/operations/operation-1759668326895-64068b58c0ee2-1caa3838-3457fa4b","metadata":{"@type":"type.googleapis.com/google.cloud.functions.v2.OperationMetadata","createTime":"2025-10-05T12:45:27.880909251Z","target":"projects/tapit-dev-e0eed/locations/us-central1/functions/onUserSubscriptionChange","verb":"update","cancelRequested":false,"apiVersion":"v2","requestResource":{"@type":"type.googleapis.com/google.cloud.functions.v2.Function","name":"projects/tapit-dev-e0eed/locations/us-central1/functions/onUserSubscriptionChange","buildConfig":{"runtime":"nodejs22","entryPoint":"onUserSubscriptionChange","source":{"storageSource":{"bucket":"gcf-v2-sources-302986531710-us-central1","object":"onUserSubscriptionChange/function-source.zip","generation":"1759668327806879"}},"environmentVariables":{"GOOGLE_NODE_RUN_SCRIPTS":""},"dockerRepository":"projects/tapit-dev-e0eed/locations/us-central1/repositories/gcf-artifacts","sourceProvenance":{"resolvedStorageSource":{"bucket":"gcf-v2-sources-302986531710-us-central1","object":"onUserSubscriptionChange/function-source.zip","generation":"1759666147150027"}},"dockerRegistry":"ARTIFACT_REGISTRY","serviceAccount":"projects/tapit-dev-e0eed/serviceAccounts/302986531710-compute@developer.gserviceaccount.com","automaticUpdatePolicy":{}},"serviceConfig":{"service":"projects/tapit-dev-e0eed/locations/us-central1/services/onusersubscriptionchange","timeoutSeconds":60,"environmentVariables":{"APP_WEBHOOK_SECRET":"AIAIzaSyD8JAo4QQTrAIzaSyD8JAo4QQTrdqxgYYlcK7dWn0SRI_qbdqxgYYAIzaSyD8JAo4QQTrdqxgYYlcK7dWn0SRI_qblcK7dWn0SRI_qbzaSyD8JAo4QQTrdqxgYYlcK7dWn0SRI_qb","APP_BASE_URL":"https://tapit-fr-dev.vercel.app","FIREBASE_CONFIG":"{\"projectId\":\"tapit-dev-e0eed\",\"storageBucket\":\"tapit-dev-e0eed.firebasestorage.app\"}","GCLOUD_PROJECT":"tapit-dev-e0eed","EVENTARC_CLOUD_EVENT_SOURCE":"projects/tapit-dev-e0eed/locations/us-central1/services/onUserSubscriptionChange","FUNCTION_SIGNATURE_TYPE":"cloudevent","FUNCTION_TARGET":"onUserSubscriptionChange","LOG_EXECUTION_ID":"true"},"ingressSettings":"ALLOW_ALL","uri":"https://onusersubscriptionchange-g6rm6pnita-uc.a.run.app","serviceAccountEmail":"302986531710-compute@developer.gserviceaccount.com","availableMemory":"256Mi","allTrafficOnLatestRevision":true,"revision":"onusersubscriptionchange-00001-mox","maxInstanceRequestConcurrency":80,"availableCpu":"1"},"eventTrigger":{"trigger":"projects/tapit-dev-e0eed/locations/nam5/triggers/onusersubscriptionchange-160692","triggerRegion":"nam5","eventType":"google.cloud.firestore.document.v1.updated","eventFilters":[{"attribute":"database","value":"(default)"},{"attribute":"namespace","value":"(default)"},{"attribute":"document","value":"users/{userId}","operator":"match-path-pattern"}],"pubsubTopic":"projects/tapit-dev-e0eed/topics/eventarc-nam5-onusersubscriptionchange-160692-939","serviceAccountEmail":"302986531710-compute@developer.gserviceaccount.com","retryPolicy":"RETRY_POLICY_DO_NOT_RETRY"},"state":"ACTIVE","labels":{"deployment-tool":"cli-firebase","firebase-functions-hash":"a030ad77dd5744cec69f08bd2aa7bc3118ce6a58"},"environment":"GEN_2","url":"https://us-central1-tapit-dev-e0eed.cloudfunctions.net/onUserSubscriptionChange","satisfiesPzi":true},"stages":[{"name":"BUILD","message":"Build in progress","state":"IN_PROGRESS","resource":"projects/302986531710/locations/us-central1/builds/709b4564-24a6-40e0-9446-a4c8173f182d","resourceUri":"https://console.cloud.google.com/cloud-build/builds;region=us-central1/709b4564-24a6-40e0-9446-a4c8173f182d?project=302986531710"},{"name":"SERVICE","state":"NOT_STARTED"},{"name":"TRIGGER","state":"NOT_STARTED"}],"operationType":"UPDATE_FUNCTION","buildName":"projects/302986531710/locations/us-central1/builds/709b4564-24a6-40e0-9446-a4c8173f182d"},"done":false}
[debug] [2025-10-05T12:46:08.829Z] [update-default-us-central1-onUserSubscriptionChange] Retrying task index 0
[debug] [2025-10-05T12:46:08.830Z] Checked if tokens are valid: true, expires at: 1759671602145
[debug] [2025-10-05T12:46:08.830Z] Checked if tokens are valid: true, expires at: 1759671602145
[debug] [2025-10-05T12:46:08.830Z] >>> [apiv2][query] GET https://cloudfunctions.googleapis.com/v2/projects/tapit-dev-e0eed/locations/us-central1/operations/operation-1759668326895-64068b58c0ee2-1caa3838-3457fa4b [none]
[debug] [2025-10-05T12:46:09.606Z] <<< [apiv2][status] GET https://cloudfunctions.googleapis.com/v2/projects/tapit-dev-e0eed/locations/us-central1/operations/operation-1759668326895-64068b58c0ee2-1caa3838-3457fa4b 200
[debug] [2025-10-05T12:46:09.607Z] <<< [apiv2][body] GET https://cloudfunctions.googleapis.com/v2/projects/tapit-dev-e0eed/locations/us-central1/operations/operation-1759668326895-64068b58c0ee2-1caa3838-3457fa4b {"name":"projects/tapit-dev-e0eed/locations/us-central1/operations/operation-1759668326895-64068b58c0ee2-1caa3838-3457fa4b","metadata":{"@type":"type.googleapis.com/google.cloud.functions.v2.OperationMetadata","createTime":"2025-10-05T12:45:27.880909251Z","target":"projects/tapit-dev-e0eed/locations/us-central1/functions/onUserSubscriptionChange","verb":"update","cancelRequested":false,"apiVersion":"v2","requestResource":{"@type":"type.googleapis.com/google.cloud.functions.v2.Function","name":"projects/tapit-dev-e0eed/locations/us-central1/functions/onUserSubscriptionChange","buildConfig":{"runtime":"nodejs22","entryPoint":"onUserSubscriptionChange","source":{"storageSource":{"bucket":"gcf-v2-sources-302986531710-us-central1","object":"onUserSubscriptionChange/function-source.zip","generation":"1759668327806879"}},"environmentVariables":{"GOOGLE_NODE_RUN_SCRIPTS":""},"dockerRepository":"projects/tapit-dev-e0eed/locations/us-central1/repositories/gcf-artifacts","sourceProvenance":{"resolvedStorageSource":{"bucket":"gcf-v2-sources-302986531710-us-central1","object":"onUserSubscriptionChange/function-source.zip","generation":"1759666147150027"}},"dockerRegistry":"ARTIFACT_REGISTRY","serviceAccount":"projects/tapit-dev-e0eed/serviceAccounts/302986531710-compute@developer.gserviceaccount.com","automaticUpdatePolicy":{}},"serviceConfig":{"service":"projects/tapit-dev-e0eed/locations/us-central1/services/onusersubscriptionchange","timeoutSeconds":60,"environmentVariables":{"APP_WEBHOOK_SECRET":"AIAIzaSyD8JAo4QQTrAIzaSyD8JAo4QQTrdqxgYYlcK7dWn0SRI_qbdqxgYYAIzaSyD8JAo4QQTrdqxgYYlcK7dWn0SRI_qblcK7dWn0SRI_qbzaSyD8JAo4QQTrdqxgYYlcK7dWn0SRI_qb","APP_BASE_URL":"https://tapit-fr-dev.vercel.app","FIREBASE_CONFIG":"{\"projectId\":\"tapit-dev-e0eed\",\"storageBucket\":\"tapit-dev-e0eed.firebasestorage.app\"}","GCLOUD_PROJECT":"tapit-dev-e0eed","EVENTARC_CLOUD_EVENT_SOURCE":"projects/tapit-dev-e0eed/locations/us-central1/services/onUserSubscriptionChange","FUNCTION_SIGNATURE_TYPE":"cloudevent","FUNCTION_TARGET":"onUserSubscriptionChange","LOG_EXECUTION_ID":"true"},"ingressSettings":"ALLOW_ALL","uri":"https://onusersubscriptionchange-g6rm6pnita-uc.a.run.app","serviceAccountEmail":"302986531710-compute@developer.gserviceaccount.com","availableMemory":"256Mi","allTrafficOnLatestRevision":true,"revision":"onusersubscriptionchange-00001-mox","maxInstanceRequestConcurrency":80,"availableCpu":"1"},"eventTrigger":{"trigger":"projects/tapit-dev-e0eed/locations/nam5/triggers/onusersubscriptionchange-160692","triggerRegion":"nam5","eventType":"google.cloud.firestore.document.v1.updated","eventFilters":[{"attribute":"database","value":"(default)"},{"attribute":"namespace","value":"(default)"},{"attribute":"document","value":"users/{userId}","operator":"match-path-pattern"}],"pubsubTopic":"projects/tapit-dev-e0eed/topics/eventarc-nam5-onusersubscriptionchange-160692-939","serviceAccountEmail":"302986531710-compute@developer.gserviceaccount.com","retryPolicy":"RETRY_POLICY_DO_NOT_RETRY"},"state":"ACTIVE","labels":{"deployment-tool":"cli-firebase","firebase-functions-hash":"a030ad77dd5744cec69f08bd2aa7bc3118ce6a58"},"environment":"GEN_2","url":"https://us-central1-tapit-dev-e0eed.cloudfunctions.net/onUserSubscriptionChange","satisfiesPzi":true},"stages":[{"name":"BUILD","message":"Build in progress","state":"IN_PROGRESS","resource":"projects/302986531710/locations/us-central1/builds/709b4564-24a6-40e0-9446-a4c8173f182d","resourceUri":"https://console.cloud.google.com/cloud-build/builds;region=us-central1/709b4564-24a6-40e0-9446-a4c8173f182d?project=302986531710"},{"name":"SERVICE","state":"NOT_STARTED"},{"name":"TRIGGER","state":"NOT_STARTED"}],"operationType":"UPDATE_FUNCTION","buildName":"projects/302986531710/locations/us-central1/builds/709b4564-24a6-40e0-9446-a4c8173f182d"},"done":false}
